<?xml version="1.0" encoding="UTF-8"?>
<testng-results skipped="0" failed="0" total="1" passed="1">
  <reporter-output>
  </reporter-output>
  <suite name="Default suite" duration-ms="59179" started-at="2016-12-25T16:10:11Z" finished-at="2016-12-25T16:11:10Z">
    <groups>
    </groups>
    <test name="Default test" duration-ms="59179" started-at="2016-12-25T16:10:11Z" finished-at="2016-12-25T16:11:10Z">
      <class name="testcases.VerifyHomePage">
        <test-method status="PASS" signature="testHomePage()[pri:0, instance:testcases.VerifyHomePage@1f3ddb1]" name="testHomePage" duration-ms="59135" started-at="2016-12-25T21:40:11Z" finished-at="2016-12-25T21:41:10Z">
          <reporter-output>
          </reporter-output>
        </test-method> <!-- testHomePage -->
      </class> <!-- testcases.VerifyHomePage -->
    </test> <!-- Default test -->
  </suite> <!-- Default suite -->
</testng-results>
